<?xml version="1.0" encoding="UTF-8"?>
<testng-results skipped="0" failed="0" total="3" passed="3">
  <reporter-output>
    <line>
      <![CDATA[lanuch test is failed]]>
    </line>
    <line>
      <![CDATA[login test pass]]>
    </line>
    <line>
      <![CDATA[lanuch test is failed]]>
    </line>
    <line>
      <![CDATA[login test pass]]>
    </line>
  </reporter-output>
  <suite name="Suite" duration-ms="32711" started-at="2018-06-14T12:02:15Z" finished-at="2018-06-14T12:02:48Z">
    <groups>
    </groups>
    <test name="Test1" duration-ms="10764" started-at="2018-06-14T12:02:15Z" finished-at="2018-06-14T12:02:26Z">
      <class name="com.Ranford.com.PageLibary.com.TestExecution">
        <test-method status="PASS" signature="verify_launch(java.lang.String)[pri:0, instance:com.Ranford.com.PageLibary.com.TestExecution@6fd02e5]" name="verify_launch" is-config="true" duration-ms="6957" started-at="2018-06-14T17:32:15Z" finished-at="2018-06-14T17:32:22Z">
          <params>
            <param index="0">
              <value>
                <![CDATA[chrome]]>
              </value>
            </param>
          </params>
          <reporter-output>
            <line>
              <![CDATA[lanuch test is failed]]>
            </line>
          </reporter-output>
        </test-method> <!-- verify_launch -->
        <test-method status="PASS" signature="verify_login()[pri:2, instance:com.Ranford.com.PageLibary.com.TestExecution@6fd02e5]" name="verify_login" duration-ms="3803" started-at="2018-06-14T17:32:22Z" finished-at="2018-06-14T17:32:26Z">
          <reporter-output>
            <line>
              <![CDATA[login test pass]]>
            </line>
          </reporter-output>
        </test-method> <!-- verify_login -->
      </class> <!-- com.Ranford.com.PageLibary.com.TestExecution -->
    </test> <!-- Test1 -->
    <test name="Test" duration-ms="32711" started-at="2018-06-14T12:02:15Z" finished-at="2018-06-14T12:02:48Z">
      <class name="com.Ranford.com.PageLibary.com.TestExecution">
        <test-method status="PASS" signature="verify_launch(java.lang.String)[pri:0, instance:com.Ranford.com.PageLibary.com.TestExecution@146ba0ac]" name="verify_launch" is-config="true" duration-ms="11325" started-at="2018-06-14T17:32:15Z" finished-at="2018-06-14T17:32:26Z">
          <params>
            <param index="0">
              <value>
                <![CDATA[firefox]]>
              </value>
            </param>
          </params>
          <reporter-output>
            <line>
              <![CDATA[lanuch test is failed]]>
            </line>
          </reporter-output>
        </test-method> <!-- verify_launch -->
        <test-method status="PASS" signature="verify_login()[pri:2, instance:com.Ranford.com.PageLibary.com.TestExecution@146ba0ac]" name="verify_login" duration-ms="3281" started-at="2018-06-14T17:32:26Z" finished-at="2018-06-14T17:32:30Z">
          <reporter-output>
            <line>
              <![CDATA[login test pass]]>
            </line>
          </reporter-output>
        </test-method> <!-- verify_login -->
        <test-method status="PASS" signature="excelcontent()[pri:3, instance:com.Ranford.com.PageLibary.com.TestExecution@146ba0ac]" name="excelcontent" duration-ms="18105" started-at="2018-06-14T17:32:30Z" finished-at="2018-06-14T17:32:48Z">
          <reporter-output>
          </reporter-output>
        </test-method> <!-- excelcontent -->
      </class> <!-- com.Ranford.com.PageLibary.com.TestExecution -->
    </test> <!-- Test -->
  </suite> <!-- Suite -->
</testng-results>
